#
# There is insufficient memory for the Java Runtime Environment to continue.
# Native memory allocation (malloc) failed to allocate 1113936 bytes for Chunk::new
# Possible reasons:
#   The system is out of physical RAM or swap space
#   The process is running with CompressedOops enabled, and the Java Heap may be blocking the growth of the native heap
# Possible solutions:
#   Reduce memory load on the system
#   Increase physical memory or swap space
#   Check if swap backing store is full
#   Decrease Java heap size (-Xmx/-Xms)
#   Decrease number of Java threads
#   Decrease Java thread stack sizes (-Xss)
#   Set larger code cache with -XX:ReservedCodeCacheSize=
#   JVM is running with Unscaled Compressed Oops mode in which the Java heap is
#     placed in the first 4GB address space. The Java Heap base address is the
#     maximum limit for the native heap growth. Please use -XX:HeapBaseMinAddress
#     to set the Java Heap base and to place the Java Heap above 4GB virtual address.
# This output file may be truncated or incomplete.
#
#  Out of Memory Error (allocation.cpp:389), pid=13320, tid=0x0000000000000f04
#
# JRE version: OpenJDK Runtime Environment (8.0_202-b03) (build 1.8.0_202-release-1483-b03)
# Java VM: OpenJDK 64-Bit Server VM (25.202-b03 mixed mode windows-amd64 compressed oops)
# Failed to write core dump. Minidumps are not enabled by default on client versions of Windows
#

---------------  T H R E A D  ---------------

Current thread (0x0000000018053800):  JavaThread "C2 CompilerThread1" daemon [_thread_in_native, id=3844, stack(0x0000000018a20000,0x0000000018b20000)]

Stack: [0x0000000018a20000,0x0000000018b20000]
[error occurred during error reporting (printing stack bounds), id 0xc0000005]

Native frames: (J=compiled Java code, j=interpreted, Vv=VM code, C=native code)


Current CompileTask:
C2:   5300 1450   !   4       java.net.URLClassLoader$1::run (63 bytes)


---------------  P R O C E S S  ---------------

Java Threads: ( => current thread )
  0x000000001add3800 JavaThread "File lock release action executor" [_thread_blocked, id=12544, stack(0x000000001cf40000,0x000000001d040000)]
  0x000000001adcf800 JavaThread "Cache worker for journal cache (C:\Users\Lilu Odedra\.gradle\caches\journal-1)" [_thread_blocked, id=15376, stack(0x000000001cc40000,0x000000001cd40000)]
  0x000000001add5000 JavaThread "File lock request listener" [_thread_in_native, id=8412, stack(0x000000001cb40000,0x000000001cc40000)]
  0x000000001add1000 JavaThread "Cache worker for file hash cache (C:\Users\Lilu Odedra\.gradle\caches\5.4.1\fileHashes)" [_thread_blocked, id=5880, stack(0x000000001ca40000,0x000000001cb40000)]
  0x000000001a94f000 JavaThread "Thread-9" [_thread_blocked, id=11736, stack(0x000000001c940000,0x000000001ca40000)]
  0x000000001a93b800 JavaThread "Stdin handler" [_thread_blocked, id=1028, stack(0x000000001c840000,0x000000001c940000)]
  0x000000001a9a5800 JavaThread "Asynchronous log dispatcher for DefaultDaemonConnection: socket connection from /127.0.0.1:53928 to /127.0.0.1:53931" [_thread_blocked, id=13980, stack(0x000000001c640000,0x000000001c740000)]
  0x000000001a9a3000 JavaThread "Daemon worker" [_thread_in_native, id=11920, stack(0x000000001c540000,0x000000001c640000)]
  0x000000001a9a0800 JavaThread "Cancel handler" [_thread_blocked, id=11424, stack(0x000000001c440000,0x000000001c540000)]
  0x000000001ac60800 JavaThread "Handler for socket connection from /127.0.0.1:53928 to /127.0.0.1:53931" [_thread_in_native, id=12652, stack(0x000000001c140000,0x000000001c240000)]
  0x000000001ac60000 JavaThread "Daemon" [_thread_blocked, id=15004, stack(0x000000001c040000,0x000000001c140000)]
  0x0000000019f42800 JavaThread "Daemon periodic checks" [_thread_blocked, id=9520, stack(0x000000001bf40000,0x000000001c040000)]
  0x0000000019f41800 JavaThread "Incoming local TCP Connector on port 53928" [_thread_in_native, id=8612, stack(0x000000001bd00000,0x000000001be00000)]
  0x000000001a6ee000 JavaThread "Daemon health stats" [_thread_blocked, id=15592, stack(0x000000001b6c0000,0x000000001b7c0000)]
  0x00000000180df800 JavaThread "Service Thread" daemon [_thread_blocked, id=12064, stack(0x0000000018d20000,0x0000000018e20000)]
  0x0000000018062800 JavaThread "C1 CompilerThread3" daemon [_thread_blocked, id=2344, stack(0x0000000018c20000,0x0000000018d20000)]
  0x0000000018057000 JavaThread "C2 CompilerThread2" daemon [_thread_blocked, id=12792, stack(0x0000000018b20000,0x0000000018c20000)]
=>0x0000000018053800 JavaThread "C2 CompilerThread1" daemon [_thread_in_native, id=3844, stack(0x0000000018a20000,0x0000000018b20000)]
  0x000000001804e800 JavaThread "C2 CompilerThread0" daemon [_thread_in_native, id=16252, stack(0x0000000018920000,0x0000000018a20000)]
  0x000000001804d000 JavaThread "Attach Listener" daemon [_thread_blocked, id=15304, stack(0x0000000018820000,0x0000000018920000)]
  0x000000001804a000 JavaThread "Signal Dispatcher" daemon [_thread_blocked, id=1692, stack(0x0000000018720000,0x0000000018820000)]
  0x0000000018040800 JavaThread "Finalizer" daemon [_thread_blocked, id=3604, stack(0x0000000018520000,0x0000000018620000)]
  0x000000001623c800 JavaThread "Reference Handler" daemon [_thread_blocked, id=4792, stack(0x0000000018420000,0x0000000018520000)]
  0x000000000095e800 JavaThread "main" [_thread_blocked, id=15276, stack(0x0000000002180000,0x0000000002280000)]

Other Threads:
  0x0000000016236000 VMThread [stack: 0x0000000017f20000,0x0000000018020000] [id=14704]
  0x00000000180e0000 WatcherThread [stack: 0x0000000018e20000,0x0000000018f20000] [id=12692]

VM state:not at safepoint (normal execution)

VM Mutex/Monitor currently owned by a thread: None

heap address: 0x00000000a0000000, size: 1536 MB, Compressed Oops mode: 32-bit
Narrow klass base: 0x0000000000000000, Narrow klass shift: 3
Compressed class space size: 1073741824 Address: 0x0000000100000000

Heap:
 PSYoungGen      total 139264K, used 19150K [0x00000000e0000000, 0x00000000e9200000, 0x0000000100000000)
  eden space 129024K, 7% used [0x00000000e0000000,0x00000000e0955c90,0x00000000e7e00000)
  from space 10240K, 93% used [0x00000000e8800000,0x00000000e915dbc8,0x00000000e9200000)
  to   space 10240K, 0% used [0x00000000e7e00000,0x00000000e7e00000,0x00000000e8800000)
 ParOldGen       total 171008K, used 16K [0x00000000a0000000, 0x00000000aa700000, 0x00000000e0000000)
  object space 171008K, 0% used [0x00000000a0000000,0x00000000a0004000,0x00000000aa700000)
 Metaspace       used 15574K, capacity 15956K, committed 16256K, reserved 1062912K
  class space    used 2214K, capacity 2350K, committed 2432K, reserved 1048576K

Card table byte_map: [0x0000000011840000,0x0000000011b50000] byte_map_base: 0x0000000011340000

Marking Bits: (ParMarkBitMap*) 0x0000000060c39f30
 Begin Bits: [0x0000000012550000, 0x0000000013d50000)
 End Bits:   [0x0000000013d50000, 0x0000000015550000)

Polling page: 0x0000000000660000

CodeCache: size=245760Kb used=5274Kb max_used=5275Kb free=240485Kb
 bounds [0x0000000002480000, 0x00000000029b0000, 0x0000000011480000]
 total_blobs=1901 nmethods=1513 adapters=301
 compilation: enabled

Compilation events (10 events):
Event: 5.244 Thread 0x0000000018062800 nmethod 1512 0x00000000029a3590 code [0x00000000029a3700, 0x00000000029a39c8]
Event: 5.245 Thread 0x0000000018062800 1513       3       sun.misc.ProxyGenerator::dotToSlash (9 bytes)
Event: 5.245 Thread 0x0000000018062800 nmethod 1513 0x00000000029a3ad0 code [0x00000000029a3c40, 0x00000000029a3e48]
Event: 5.250 Thread 0x0000000018062800 1514       3       org.gradle.internal.service.DefaultServiceRegistry::find (149 bytes)
Event: 5.251 Thread 0x0000000018057000 nmethod 1508% 0x00000000029a7990 code [0x00000000029a7b60, 0x00000000029a89a8]
Event: 5.252 Thread 0x0000000018062800 nmethod 1514 0x00000000029a4d10 code [0x00000000029a5060, 0x00000000029a6c38]
Event: 5.252 Thread 0x0000000018062800 1515       3       org.gradle.internal.service.DefaultServiceRegistry$SingletonService::getService (18 bytes)
Event: 5.253 Thread 0x0000000018062800 nmethod 1515 0x00000000029a4810 code [0x00000000029a49a0, 0x00000000029a4c18]
Event: 5.253 Thread 0x0000000018062800 1516       3       org.gradle.internal.service.DefaultServiceRegistry::access$1200 (6 bytes)
Event: 5.253 Thread 0x0000000018062800 nmethod 1516 0x00000000029a4490 code [0x00000000029a4600, 0x00000000029a4768]

GC Heap History (4 events):
Event: 2.484 GC heap before
{Heap before GC invocations=1 (full 0):
 PSYoungGen      total 74752K, used 64512K [0x00000000e0000000, 0x00000000e5300000, 0x0000000100000000)
  eden space 64512K, 100% used [0x00000000e0000000,0x00000000e3f00000,0x00000000e3f00000)
  from space 10240K, 0% used [0x00000000e4900000,0x00000000e4900000,0x00000000e5300000)
  to   space 10240K, 0% used [0x00000000e3f00000,0x00000000e3f00000,0x00000000e4900000)
 ParOldGen       total 171008K, used 0K [0x00000000a0000000, 0x00000000aa700000, 0x00000000e0000000)
  object space 171008K, 0% used [0x00000000a0000000,0x00000000a0000000,0x00000000aa700000)
 Metaspace       used 7906K, capacity 8202K, committed 8320K, reserved 1056768K
  class space    used 1013K, capacity 1077K, committed 1152K, reserved 1048576K
Event: 2.535 GC heap after
Heap after GC invocations=1 (full 0):
 PSYoungGen      total 74752K, used 6300K [0x00000000e0000000, 0x00000000e9200000, 0x0000000100000000)
  eden space 64512K, 0% used [0x00000000e0000000,0x00000000e0000000,0x00000000e3f00000)
  from space 10240K, 61% used [0x00000000e3f00000,0x00000000e4527250,0x00000000e4900000)
  to   space 10240K, 0% used [0x00000000e8800000,0x00000000e8800000,0x00000000e9200000)
 ParOldGen       total 171008K, used 8K [0x00000000a0000000, 0x00000000aa700000, 0x00000000e0000000)
  object space 171008K, 0% used [0x00000000a0000000,0x00000000a0002000,0x00000000aa700000)
 Metaspace       used 7906K, capacity 8202K, committed 8320K, reserved 1056768K
  class space    used 1013K, capacity 1077K, committed 1152K, reserved 1048576K
}
Event: 5.082 GC heap before
{Heap before GC invocations=2 (full 0):
 PSYoungGen      total 74752K, used 70812K [0x00000000e0000000, 0x00000000e9200000, 0x0000000100000000)
  eden space 64512K, 100% used [0x00000000e0000000,0x00000000e3f00000,0x00000000e3f00000)
  from space 10240K, 61% used [0x00000000e3f00000,0x00000000e4527250,0x00000000e4900000)
  to   space 10240K, 0% used [0x00000000e8800000,0x00000000e8800000,0x00000000e9200000)
 ParOldGen       total 171008K, used 8K [0x00000000a0000000, 0x00000000aa700000, 0x00000000e0000000)
  object space 171008K, 0% used [0x00000000a0000000,0x00000000a0002000,0x00000000aa700000)
 Metaspace       used 14811K, capacity 15220K, committed 15360K, reserved 1062912K
  class space    used 2100K, capacity 2254K, committed 2304K, reserved 1048576K
Event: 5.095 GC heap after
Heap after GC invocations=2 (full 0):
 PSYoungGen      total 139264K, used 9590K [0x00000000e0000000, 0x00000000e9200000, 0x0000000100000000)
  eden space 129024K, 0% used [0x00000000e0000000,0x00000000e0000000,0x00000000e7e00000)
  from space 10240K, 93% used [0x00000000e8800000,0x00000000e915dbc8,0x00000000e9200000)
  to   space 10240K, 0% used [0x00000000e7e00000,0x00000000e7e00000,0x00000000e8800000)
 ParOldGen       total 171008K, used 16K [0x00000000a0000000, 0x00000000aa700000, 0x00000000e0000000)
  object space 171008K, 0% used [0x00000000a0000000,0x00000000a0004000,0x00000000aa700000)
 Metaspace       used 14811K, capacity 15220K, committed 15360K, reserved 1062912K
  class space    used 2100K, capacity 2254K, committed 2304K, reserved 1048576K
}

Deoptimization events (10 events):
Event: 4.023 Thread 0x000000001a9a3000 Uncommon trap: reason=bimorphic action=maybe_recompile pc=0x000000000272c158 method=java.util.HashMap.putVal(ILjava/lang/Object;Ljava/lang/Object;ZZ)Ljava/lang/Object; @ 253
Event: 4.023 Thread 0x000000001a9a3000 Uncommon trap: reason=bimorphic action=maybe_recompile pc=0x000000000272c158 method=java.util.HashMap.putVal(ILjava/lang/Object;Ljava/lang/Object;ZZ)Ljava/lang/Object; @ 253
Event: 4.023 Thread 0x000000001a9a3000 Uncommon trap: reason=bimorphic action=maybe_recompile pc=0x000000000272c158 method=java.util.HashMap.putVal(ILjava/lang/Object;Ljava/lang/Object;ZZ)Ljava/lang/Object; @ 253
Event: 4.023 Thread 0x000000001a9a3000 Uncommon trap: reason=bimorphic action=maybe_recompile pc=0x000000000272c158 method=java.util.HashMap.putVal(ILjava/lang/Object;Ljava/lang/Object;ZZ)Ljava/lang/Object; @ 253
Event: 4.023 Thread 0x000000001a9a3000 Uncommon trap: reason=bimorphic action=maybe_recompile pc=0x0000000002727680 method=java.util.HashMap.putVal(ILjava/lang/Object;Ljava/lang/Object;ZZ)Ljava/lang/Object; @ 253
Event: 4.516 Thread 0x000000001a9a3000 Uncommon trap: reason=class_check action=maybe_recompile pc=0x000000000276ab18 method=java.util.regex.Matcher.match(II)Z @ 86
Event: 4.560 Thread 0x000000001a9a3000 Uncommon trap: reason=class_check action=maybe_recompile pc=0x000000000276ab18 method=java.util.regex.Matcher.match(II)Z @ 86
Event: 4.561 Thread 0x000000001a9a3000 Uncommon trap: reason=class_check action=maybe_recompile pc=0x000000000276ab18 method=java.util.regex.Matcher.match(II)Z @ 86
Event: 4.561 Thread 0x000000001a9a3000 Uncommon trap: reason=class_check action=maybe_recompile pc=0x000000000273ea1c method=java.util.regex.Matcher.match(II)Z @ 86
Event: 5.138 Thread 0x000000001a9a3000 Uncommon trap: reason=unstable_if action=reinterpret pc=0x000000000284d9f4 method=java.lang.String.lastIndexOf([CII[CIII)I @ 66

Classes redefined (0 events):
No events

Internal exceptions (10 events):
Event: 2.701 Thread 0x000000000095e800 Exception <a 'java/lang/NoSuchFieldError': method resolution failed> (0x00000000e05af538) thrown at [D:\src\AOSP-openjdk-cygwin\jdk8u\hotspot\src\share\vm\prims\methodHandles.cpp, line 1167]
Event: 2.703 Thread 0x000000000095e800 Exception <a 'java/lang/NoSuchFieldError': method resolution failed> (0x00000000e05bd208) thrown at [D:\src\AOSP-openjdk-cygwin\jdk8u\hotspot\src\share\vm\prims\methodHandles.cpp, line 1167]
Event: 3.759 Thread 0x000000000095e800 Exception <a 'java/io/IOException'> (0x00000000e0e0eb38) thrown at [D:\src\AOSP-openjdk-cygwin\jdk8u\hotspot\src\share\vm\prims\jni.cpp, line 710]
Event: 3.902 Thread 0x000000001ac60800 Exception <a 'java/lang/NoSuchMethodError': <clinit>> (0x00000000e117e6c8) thrown at [D:\src\AOSP-openjdk-cygwin\jdk8u\hotspot\src\share\vm\prims\jni.cpp, line 1614]
Event: 3.904 Thread 0x000000001ac60800 Exception <a 'java/lang/NoSuchMethodError': <clinit>> (0x00000000e1188478) thrown at [D:\src\AOSP-openjdk-cygwin\jdk8u\hotspot\src\share\vm\prims\jni.cpp, line 1614]
Event: 3.906 Thread 0x000000001ac60800 Exception <a 'java/lang/NoSuchMethodError': <clinit>> (0x00000000e119c6d8) thrown at [D:\src\AOSP-openjdk-cygwin\jdk8u\hotspot\src\share\vm\prims\jni.cpp, line 1614]
Event: 3.918 Thread 0x000000001ac60800 Exception <a 'java/lang/NoSuchMethodError': <clinit>> (0x00000000e11f7840) thrown at [D:\src\AOSP-openjdk-cygwin\jdk8u\hotspot\src\share\vm\prims\jni.cpp, line 1614]
Event: 3.926 Thread 0x000000001ac60800 Exception <a 'java/lang/NoSuchMethodError': <clinit>> (0x00000000e122f408) thrown at [D:\src\AOSP-openjdk-cygwin\jdk8u\hotspot\src\share\vm\prims\jni.cpp, line 1614]
Event: 3.933 Thread 0x000000001ac60800 Exception <a 'java/lang/NoSuchMethodError': <clinit>> (0x00000000e12655d0) thrown at [D:\src\AOSP-openjdk-cygwin\jdk8u\hotspot\src\share\vm\prims\jni.cpp, line 1614]
Event: 3.934 Thread 0x000000001ac60800 Exception <a 'java/lang/NoSuchMethodError': <clinit>> (0x00000000e1271048) thrown at [D:\src\AOSP-openjdk-cygwin\jdk8u\hotspot\src\share\vm\prims\jni.cpp, line 1614]

Events (10 events):
Event: 5.265 loading class com/google/common/collect/AbstractMapEntry
Event: 5.265 loading class com/google/common/collect/AbstractMapEntry done
Event: 5.266 loading class org/gradle/composite/internal/CompositeBuildClassPathInitializer
Event: 5.266 loading class org/gradle/composite/internal/CompositeBuildClassPathInitializer done
Event: 5.267 loading class org/gradle/execution/MultipleBuildFailures
Event: 5.267 loading class org/gradle/execution/MultipleBuildFailures done
Event: 5.267 loading class org/gradle/api/internal/artifacts/DefaultBuildIdentifier
Event: 5.267 loading class org/gradle/api/internal/artifacts/DefaultBuildIdentifier done
Event: 5.268 loading class org/gradle/api/internal/initialization/DefaultScriptClassPathResolver
Event: 5.268 loading class org/gradle/api/internal/initialization/DefaultScriptClassPathResolver done


Dynamic libraries:
0x00007ff770e40000 - 0x00007ff770e71000 	C:\Program Files\Android\Android Studio\jre\bin\java.exe
0x00007ff9df5c0000 - 0x00007ff9df7b0000 	C:\windows\SYSTEM32\ntdll.dll
0x00007ff9dedf0000 - 0x00007ff9deea2000 	C:\windows\System32\KERNEL32.DLL
0x00007ff9dc7f0000 - 0x00007ff9dca93000 	C:\windows\System32\KERNELBASE.dll
0x00007ff9dd840000 - 0x00007ff9dd8e3000 	C:\windows\System32\ADVAPI32.dll
0x00007ff9df0c0000 - 0x00007ff9df15e000 	C:\windows\System32\msvcrt.dll
0x00007ff9ddce0000 - 0x00007ff9ddd77000 	C:\windows\System32\sechost.dll
0x00007ff9dd690000 - 0x00007ff9dd7b0000 	C:\windows\System32\RPCRT4.dll
0x00007ff9df3e0000 - 0x00007ff9df574000 	C:\windows\System32\USER32.dll
0x00007ff9dcad0000 - 0x00007ff9dcaf1000 	C:\windows\System32\win32u.dll
0x00007ff9de180000 - 0x00007ff9de1a6000 	C:\windows\System32\GDI32.dll
0x00007ff9dc650000 - 0x00007ff9dc7e4000 	C:\windows\System32\gdi32full.dll
0x00007ff9dcb00000 - 0x00007ff9dcb9e000 	C:\windows\System32\msvcp_win.dll
0x00007ff9dc550000 - 0x00007ff9dc64a000 	C:\windows\System32\ucrtbase.dll
0x00007ff9c5cc0000 - 0x00007ff9c5f45000 	C:\windows\WinSxS\amd64_microsoft.windows.common-controls_6595b64144ccf1df_6.0.18362.657_none_e6c5b579130e3898\COMCTL32.dll
0x00007ff9dd8f0000 - 0x00007ff9ddc26000 	C:\windows\System32\combase.dll
0x00007ff9dd470000 - 0x00007ff9dd4f0000 	C:\windows\System32\bcryptPrimitives.dll
0x00007ff9ddf70000 - 0x00007ff9ddf9e000 	C:\windows\System32\IMM32.DLL
0x00000000602b0000 - 0x0000000060382000 	C:\Program Files\Android\Android Studio\jre\jre\bin\msvcr100.dll
0x0000000060470000 - 0x0000000060cb6000 	C:\Program Files\Android\Android Studio\jre\jre\bin\server\jvm.dll
0x00007ff9ddfa0000 - 0x00007ff9ddfa8000 	C:\windows\System32\PSAPI.DLL
0x00007ff9d6b20000 - 0x00007ff9d6b29000 	C:\windows\SYSTEM32\WSOCK32.dll
0x00007ff9de110000 - 0x00007ff9de17f000 	C:\windows\System32\WS2_32.dll
0x00007ff9d65b0000 - 0x00007ff9d65d4000 	C:\windows\SYSTEM32\WINMM.dll
0x00007ff9d0d10000 - 0x00007ff9d0d1a000 	C:\windows\SYSTEM32\VERSION.dll
0x00007ff9d6580000 - 0x00007ff9d65ad000 	C:\windows\SYSTEM32\WINMMBASE.dll
0x00007ff9dd4f0000 - 0x00007ff9dd53a000 	C:\windows\System32\cfgmgr32.dll
0x00007ff9d60e0000 - 0x00007ff9d60ef000 	C:\Program Files\Android\Android Studio\jre\jre\bin\verify.dll
0x00007ff9d5e30000 - 0x00007ff9d5e59000 	C:\Program Files\Android\Android Studio\jre\jre\bin\java.dll
0x00007ff9d38a0000 - 0x00007ff9d38b6000 	C:\Program Files\Android\Android Studio\jre\jre\bin\zip.dll
0x00007ff9de690000 - 0x00007ff9ded75000 	C:\windows\System32\SHELL32.dll
0x00007ff9ddc30000 - 0x00007ff9ddcd9000 	C:\windows\System32\shcore.dll
0x00007ff9dccf0000 - 0x00007ff9dd46f000 	C:\windows\System32\windows.storage.dll
0x00007ff9dc4a0000 - 0x00007ff9dc4bf000 	C:\windows\System32\profapi.dll
0x00007ff9dc4e0000 - 0x00007ff9dc52a000 	C:\windows\System32\powrprof.dll
0x00007ff9dc490000 - 0x00007ff9dc4a0000 	C:\windows\System32\UMPDC.dll
0x00007ff9df230000 - 0x00007ff9df282000 	C:\windows\System32\shlwapi.dll
0x00007ff9dc530000 - 0x00007ff9dc541000 	C:\windows\System32\kernel.appcore.dll
0x00007ff9dd540000 - 0x00007ff9dd557000 	C:\windows\System32\cryptsp.dll
0x00007ff9d32c0000 - 0x00007ff9d32da000 	C:\Program Files\Android\Android Studio\jre\jre\bin\net.dll
0x00007ff9dbd00000 - 0x00007ff9dbd67000 	C:\windows\system32\mswsock.dll
0x00007ff9d32a0000 - 0x00007ff9d32b1000 	C:\Program Files\Android\Android Studio\jre\jre\bin\nio.dll
0x00007ff9ce480000 - 0x00007ff9ce4a6000 	C:\Users\Lilu Odedra\.gradle\native\29\windows-amd64\native-platform.dll
0x00007ff9d3290000 - 0x00007ff9d329d000 	C:\Program Files\Android\Android Studio\jre\jre\bin\management.dll
0x00007ff9db870000 - 0x00007ff9db8a3000 	C:\windows\system32\rsaenh.dll
0x00007ff9dcaa0000 - 0x00007ff9dcac6000 	C:\windows\System32\bcrypt.dll
0x00007ff9dc380000 - 0x00007ff9dc3a5000 	C:\windows\SYSTEM32\USERENV.dll
0x00007ff9dbed0000 - 0x00007ff9dbedc000 	C:\windows\SYSTEM32\CRYPTBASE.dll
0x00007ff9dba10000 - 0x00007ff9dba4a000 	C:\windows\SYSTEM32\IPHLPAPI.DLL
0x00007ff9dd830000 - 0x00007ff9dd838000 	C:\windows\System32\NSI.dll
0x00007ff9d0f40000 - 0x00007ff9d0f56000 	C:\windows\SYSTEM32\dhcpcsvc6.DLL
0x00007ff9d1e40000 - 0x00007ff9d1e5c000 	C:\windows\SYSTEM32\dhcpcsvc.DLL
0x00007ff9dba50000 - 0x00007ff9dbb1a000 	C:\windows\SYSTEM32\DNSAPI.dll

VM Arguments:
jvm_args: -Xmx1536m -Dfile.encoding=windows-1252 -Duser.country=CA -Duser.language=en -Duser.variant 
java_command: org.gradle.launcher.daemon.bootstrap.GradleDaemon 5.4.1
java_class_path (initial): C:\Users\Lilu Odedra\.gradle\wrapper\dists\gradle-5.4.1-all\3221gyojl5jsh0helicew7rwx\gradle-5.4.1\lib\gradle-launcher-5.4.1.jar
Launcher Type: SUN_STANDARD

Environment Variables:
PATH=C:\windows\system32;C:\windows;C:\windows\System32\Wbem;C:\windows\System32\WindowsPowerShell\v1.0\;C:\windows\System32\OpenSSH\;C:\Program Files\Git\cmd;C:\Program Files\nodejs\;C:\Users\Lilu Odedra\AppData\Local\Microsoft\WindowsApps;C:\Users\Lilu Odedra\AppData\Roaming\npm;C:\Users\Lilu Odedra\AppData\Roaming\Dashlane\6.2015.0.34173\bin\Firefox_Extension\{442718d9-475e-452a-b3e1-fb1ee16b8e9f}\components;C:\Users\Lilu Odedra\AppData\Roaming\Dashlane\6.2015.0.34173\ucrt;C:\Users\Lilu Odedra\AppData\Roaming\Dashlane\6.2015.0.34173\bin\Qt;C:\Users\Lilu Odedra\AppData\Roaming\Dashlane\6.2015.0.34173\ucrt;C:\Users\Lilu Odedra\AppData\Roaming\Dashlane\6.2015.0.34173\bin\Ssl;C:\Users\Lilu Odedra\AppData\Local\GitHubDesktop\bin
USERNAME=Lilu Odedra
OS=Windows_NT
PROCESSOR_IDENTIFIER=Intel64 Family 6 Model 126 Stepping 5, GenuineIntel



---------------  S Y S T E M  ---------------

OS: Windows 10.0 , 64 bit Build 18362 (10.0.18362.329)

CPU:total 8 (initial active 8) (4 cores per cpu, 2 threads per core) family 6 model 126 stepping 5, cmov, cx8, fxsr, mmx, sse, sse2, sse3, ssse3, sse4.1, sse4.2, popcnt, avx, avx2, aes, clmul, erms, 3dnowpref, lzcnt, ht, tsc, tscinvbit, bmi1, bmi2, adx

Memory: 4k page, physical 16357872k(3658776k free), swap 47465580k(5136k free)

vm_info: OpenJDK 64-Bit Server VM (25.202-b03) for windows-amd64 JRE (1.8.0_202-release-1483-b03), built by "builder" with MS VC++ 10.0 (VS2010)

time: Thu Apr 30 00:32:16 2020
timezone: Eastern Daylight Time
elapsed time: 5 seconds (0d 0h 0m 5s)

