#
# There is insufficient memory for the Java Runtime Environment to continue.
# Native memory allocation (malloc) failed to allocate 131088 bytes for Chunk::new
# Possible reasons:
#   The system is out of physical RAM or swap space
#   The process is running with CompressedOops enabled, and the Java Heap may be blocking the growth of the native heap
# Possible solutions:
#   Reduce memory load on the system
#   Increase physical memory or swap space
#   Check if swap backing store is full
#   Decrease Java heap size (-Xmx/-Xms)
#   Decrease number of Java threads
#   Decrease Java thread stack sizes (-Xss)
#   Set larger code cache with -XX:ReservedCodeCacheSize=
#   JVM is running with Unscaled Compressed Oops mode in which the Java heap is
#     placed in the first 4GB address space. The Java Heap base address is the
#     maximum limit for the native heap growth. Please use -XX:HeapBaseMinAddress
#     to set the Java Heap base and to place the Java Heap above 4GB virtual address.
# This output file may be truncated or incomplete.
#
#  Out of Memory Error (allocation.cpp:389), pid=2596, tid=0x000000000000271c
#
# JRE version: OpenJDK Runtime Environment (8.0_202-b03) (build 1.8.0_202-release-1483-b03)
# Java VM: OpenJDK 64-Bit Server VM (25.202-b03 mixed mode windows-amd64 compressed oops)
# Failed to write core dump. Minidumps are not enabled by default on client versions of Windows
#

---------------  T H R E A D  ---------------

Current thread (0x00000000181a1800):  JavaThread "C2 CompilerThread1" daemon [_thread_in_native, id=10012, stack(0x0000000018b70000,0x0000000018c70000)]

Stack: [0x0000000018b70000,0x0000000018c70000]
[error occurred during error reporting (printing stack bounds), id 0xc0000005]

Native frames: (J=compiled Java code, j=interpreted, Vv=VM code, C=native code)


Current CompileTask:
C2:   4572 1456   !   4       java.net.URLClassLoader$1::run (63 bytes)


---------------  P R O C E S S  ---------------

Java Threads: ( => current thread )
  0x000000001a740800 JavaThread "Cache worker for journal cache (C:\Users\Lilu Odedra\.gradle\caches\journal-1)" [_thread_blocked, id=9400, stack(0x000000001cd90000,0x000000001ce90000)]
  0x000000001a73c000 JavaThread "File lock request listener" [_thread_in_native, id=2868, stack(0x000000001cc90000,0x000000001cd90000)]
  0x000000001a741800 JavaThread "Cache worker for file hash cache (C:\Users\Lilu Odedra\.gradle\caches\5.4.1\fileHashes)" [_thread_blocked, id=10752, stack(0x000000001cb90000,0x000000001cc90000)]
  0x000000001a46a000 JavaThread "Thread-9" [_thread_blocked, id=8632, stack(0x000000001ca90000,0x000000001cb90000)]
  0x000000001a467000 JavaThread "Stdin handler" [_thread_blocked, id=11860, stack(0x000000001c990000,0x000000001ca90000)]
  0x000000001a971000 JavaThread "Asynchronous log dispatcher for DefaultDaemonConnection: socket connection from /127.0.0.1:54857 to /127.0.0.1:54858" [_thread_blocked, id=13036, stack(0x000000001c790000,0x000000001c890000)]
  0x000000001a96f000 JavaThread "Daemon worker" [_thread_in_vm, id=9068, stack(0x000000001c690000,0x000000001c790000)]
  0x000000001a96c800 JavaThread "Cancel handler" [_thread_blocked, id=8428, stack(0x000000001c590000,0x000000001c690000)]
  0x000000001a3c6000 JavaThread "Handler for socket connection from /127.0.0.1:54857 to /127.0.0.1:54858" [_thread_in_native, id=11028, stack(0x000000001c290000,0x000000001c390000)]
  0x000000001a3c5000 JavaThread "Daemon" [_thread_blocked, id=11732, stack(0x000000001c190000,0x000000001c290000)]
  0x000000001a959000 JavaThread "Daemon periodic checks" [_thread_blocked, id=11420, stack(0x000000001c090000,0x000000001c190000)]
  0x000000001abd9000 JavaThread "Incoming local TCP Connector on port 54857" [_thread_in_native, id=10412, stack(0x000000001be50000,0x000000001bf50000)]
  0x000000001a27d800 JavaThread "Daemon health stats" [_thread_blocked, id=2932, stack(0x000000001b810000,0x000000001b910000)]
  0x000000001820d000 JavaThread "Service Thread" daemon [_thread_blocked, id=5584, stack(0x0000000018e70000,0x0000000018f70000)]
  0x00000000181a6000 JavaThread "C1 CompilerThread3" daemon [_thread_blocked, id=13956, stack(0x0000000018d70000,0x0000000018e70000)]
  0x00000000181a4000 JavaThread "C2 CompilerThread2" daemon [_thread_in_native, id=6784, stack(0x0000000018c70000,0x0000000018d70000)]
=>0x00000000181a1800 JavaThread "C2 CompilerThread1" daemon [_thread_in_native, id=10012, stack(0x0000000018b70000,0x0000000018c70000)]
  0x000000001819e800 JavaThread "C2 CompilerThread0" daemon [_thread_blocked, id=9972, stack(0x0000000018a70000,0x0000000018b70000)]
  0x000000001819d000 JavaThread "Attach Listener" daemon [_thread_blocked, id=14172, stack(0x0000000018970000,0x0000000018a70000)]
  0x000000001819a000 JavaThread "Signal Dispatcher" daemon [_thread_blocked, id=13396, stack(0x0000000018870000,0x0000000018970000)]
  0x0000000018190800 JavaThread "Finalizer" daemon [_thread_blocked, id=12056, stack(0x0000000018670000,0x0000000018770000)]
  0x000000001639c800 JavaThread "Reference Handler" daemon [_thread_blocked, id=8732, stack(0x0000000018570000,0x0000000018670000)]
  0x00000000025de800 JavaThread "main" [_thread_blocked, id=8668, stack(0x0000000002320000,0x0000000002420000)]

Other Threads:
  0x0000000016396000 VMThread [stack: 0x0000000018070000,0x0000000018170000] [id=2856]
  0x0000000018212000 WatcherThread [stack: 0x0000000018f70000,0x0000000019070000] [id=12916]

VM state:not at safepoint (normal execution)

VM Mutex/Monitor currently owned by a thread: None

heap address: 0x00000000a0000000, size: 1536 MB, Compressed Oops mode: 32-bit
Narrow klass base: 0x0000000000000000, Narrow klass shift: 3
Compressed class space size: 1073741824 Address: 0x0000000100000000

Heap:
 PSYoungGen      total 74752K, used 11844K [0x00000000e0000000, 0x00000000e5300000, 0x0000000100000000)
  eden space 64512K, 3% used [0x00000000e0000000,0x00000000e022e6e0,0x00000000e3f00000)
  from space 10240K, 93% used [0x00000000e4900000,0x00000000e5262cd8,0x00000000e5300000)
  to   space 10240K, 0% used [0x00000000e3f00000,0x00000000e3f00000,0x00000000e4900000)
 ParOldGen       total 171008K, used 24K [0x00000000a0000000, 0x00000000aa700000, 0x00000000e0000000)
  object space 171008K, 0% used [0x00000000a0000000,0x00000000a0006000,0x00000000aa700000)
 Metaspace       used 15165K, capacity 15508K, committed 15616K, reserved 1062912K
  class space    used 2153K, capacity 2286K, committed 2304K, reserved 1048576K

Card table byte_map: [0x00000000119a0000,0x0000000011cb0000] byte_map_base: 0x00000000114a0000

Marking Bits: (ParMarkBitMap*) 0x000000006d4d9f30
 Begin Bits: [0x00000000126b0000, 0x0000000013eb0000)
 End Bits:   [0x0000000013eb0000, 0x00000000156b0000)

Polling page: 0x0000000000cb0000

CodeCache: size=245760Kb used=5184Kb max_used=5195Kb free=240575Kb
 bounds [0x00000000025e0000, 0x0000000002b00000, 0x00000000115e0000]
 total_blobs=1851 nmethods=1464 adapters=300
 compilation: enabled

Compilation events (10 events):
Event: 4.554 Thread 0x00000000181a6000 nmethod 1462 0x0000000002aee050 code [0x0000000002aee1a0, 0x0000000002aee2f0]
Event: 4.554 Thread 0x00000000181a6000 1463       3       java.nio.charset.CharsetEncoder::onUnmappableCharacter (26 bytes)
Event: 4.555 Thread 0x00000000181a6000 nmethod 1463 0x0000000002af2810 code [0x0000000002af2980, 0x0000000002af2cc8]
Event: 4.555 Thread 0x00000000181a6000 1464       3       java.nio.charset.CharsetEncoder::implOnUnmappableCharacter (1 bytes)
Event: 4.555 Thread 0x00000000181a6000 nmethod 1464 0x0000000002aedd50 code [0x0000000002aedea0, 0x0000000002aedff0]
Event: 4.555 Thread 0x000000001819e800 nmethod 1458 0x0000000002af1910 code [0x0000000002af1ac0, 0x0000000002af2408]
Event: 4.555 Thread 0x00000000181a6000 1465       3       sun.reflect.ReflectionFactory::inflationThreshold (4 bytes)
Event: 4.555 Thread 0x00000000181a6000 nmethod 1465 0x0000000002af1590 code [0x0000000002af16e0, 0x0000000002af1810]
Event: 4.562 Thread 0x00000000181a6000 1466       1       java.util.concurrent.atomic.AtomicInteger::get (5 bytes)
Event: 4.562 Thread 0x00000000181a6000 nmethod 1466 0x0000000002aefe10 code [0x0000000002aeff60, 0x0000000002af0070]

GC Heap History (4 events):
Event: 2.378 GC heap before
{Heap before GC invocations=1 (full 0):
 PSYoungGen      total 74752K, used 64512K [0x00000000e0000000, 0x00000000e5300000, 0x0000000100000000)
  eden space 64512K, 100% used [0x00000000e0000000,0x00000000e3f00000,0x00000000e3f00000)
  from space 10240K, 0% used [0x00000000e4900000,0x00000000e4900000,0x00000000e5300000)
  to   space 10240K, 0% used [0x00000000e3f00000,0x00000000e3f00000,0x00000000e4900000)
 ParOldGen       total 171008K, used 0K [0x00000000a0000000, 0x00000000aa700000, 0x00000000e0000000)
  object space 171008K, 0% used [0x00000000a0000000,0x00000000a0000000,0x00000000aa700000)
 Metaspace       used 7904K, capacity 8202K, committed 8320K, reserved 1056768K
  class space    used 1013K, capacity 1077K, committed 1152K, reserved 1048576K
Event: 2.391 GC heap after
Heap after GC invocations=1 (full 0):
 PSYoungGen      total 74752K, used 6358K [0x00000000e0000000, 0x00000000e5300000, 0x0000000100000000)
  eden space 64512K, 0% used [0x00000000e0000000,0x00000000e0000000,0x00000000e3f00000)
  from space 10240K, 62% used [0x00000000e3f00000,0x00000000e4535a48,0x00000000e4900000)
  to   space 10240K, 0% used [0x00000000e4900000,0x00000000e4900000,0x00000000e5300000)
 ParOldGen       total 171008K, used 16K [0x00000000a0000000, 0x00000000aa700000, 0x00000000e0000000)
  object space 171008K, 0% used [0x00000000a0000000,0x00000000a0004000,0x00000000aa700000)
 Metaspace       used 7904K, capacity 8202K, committed 8320K, reserved 1056768K
  class space    used 1013K, capacity 1077K, committed 1152K, reserved 1048576K
}
Event: 4.530 GC heap before
{Heap before GC invocations=2 (full 0):
 PSYoungGen      total 74752K, used 70870K [0x00000000e0000000, 0x00000000e5300000, 0x0000000100000000)
  eden space 64512K, 100% used [0x00000000e0000000,0x00000000e3f00000,0x00000000e3f00000)
  from space 10240K, 62% used [0x00000000e3f00000,0x00000000e4535a48,0x00000000e4900000)
  to   space 10240K, 0% used [0x00000000e4900000,0x00000000e4900000,0x00000000e5300000)
 ParOldGen       total 171008K, used 16K [0x00000000a0000000, 0x00000000aa700000, 0x00000000e0000000)
  object space 171008K, 0% used [0x00000000a0000000,0x00000000a0004000,0x00000000aa700000)
 Metaspace       used 14901K, capacity 15284K, committed 15616K, reserved 1062912K
  class space    used 2110K, capacity 2254K, committed 2304K, reserved 1048576K
Event: 4.542 GC heap after
Heap after GC invocations=2 (full 0):
 PSYoungGen      total 74752K, used 9611K [0x00000000e0000000, 0x00000000e5300000, 0x0000000100000000)
  eden space 64512K, 0% used [0x00000000e0000000,0x00000000e0000000,0x00000000e3f00000)
  from space 10240K, 93% used [0x00000000e4900000,0x00000000e5262cd8,0x00000000e5300000)
  to   space 10240K, 0% used [0x00000000e3f00000,0x00000000e3f00000,0x00000000e4900000)
 ParOldGen       total 171008K, used 24K [0x00000000a0000000, 0x00000000aa700000, 0x00000000e0000000)
  object space 171008K, 0% used [0x00000000a0000000,0x00000000a0006000,0x00000000aa700000)
 Metaspace       used 14901K, capacity 15284K, committed 15616K, reserved 1062912K
  class space    used 2110K, capacity 2254K, committed 2304K, reserved 1048576K
}

Deoptimization events (10 events):
Event: 3.940 Thread 0x000000001a96f000 Uncommon trap: reason=class_check action=maybe_recompile pc=0x0000000002881f88 method=java.util.HashMap.putVal(ILjava/lang/Object;Ljava/lang/Object;ZZ)Ljava/lang/Object; @ 203
Event: 3.940 Thread 0x000000001a96f000 Uncommon trap: reason=bimorphic action=maybe_recompile pc=0x0000000002881608 method=java.util.HashMap.putVal(ILjava/lang/Object;Ljava/lang/Object;ZZ)Ljava/lang/Object; @ 253
Event: 3.940 Thread 0x000000001a96f000 Uncommon trap: reason=bimorphic action=maybe_recompile pc=0x0000000002881608 method=java.util.HashMap.putVal(ILjava/lang/Object;Ljava/lang/Object;ZZ)Ljava/lang/Object; @ 253
Event: 3.940 Thread 0x000000001a96f000 Uncommon trap: reason=bimorphic action=maybe_recompile pc=0x0000000002881608 method=java.util.HashMap.putVal(ILjava/lang/Object;Ljava/lang/Object;ZZ)Ljava/lang/Object; @ 253
Event: 3.940 Thread 0x000000001a96f000 Uncommon trap: reason=bimorphic action=maybe_recompile pc=0x0000000002881608 method=java.util.HashMap.putVal(ILjava/lang/Object;Ljava/lang/Object;ZZ)Ljava/lang/Object; @ 253
Event: 4.239 Thread 0x000000001a96f000 Uncommon trap: reason=class_check action=maybe_recompile pc=0x00000000028c9358 method=java.util.regex.Matcher.match(II)Z @ 86
Event: 4.256 Thread 0x000000001a96f000 Uncommon trap: reason=class_check action=maybe_recompile pc=0x00000000028c9358 method=java.util.regex.Matcher.match(II)Z @ 86
Event: 4.257 Thread 0x000000001a96f000 Uncommon trap: reason=class_check action=maybe_recompile pc=0x00000000028c9358 method=java.util.regex.Matcher.match(II)Z @ 86
Event: 4.257 Thread 0x000000001a96f000 Uncommon trap: reason=class_check action=maybe_recompile pc=0x00000000028978dc method=java.util.regex.Matcher.match(II)Z @ 86
Event: 4.564 Thread 0x000000001a96f000 Uncommon trap: reason=unstable_if action=reinterpret pc=0x00000000029b1bf4 method=java.lang.String.lastIndexOf([CII[CIII)I @ 66

Classes redefined (0 events):
No events

Internal exceptions (10 events):
Event: 2.531 Thread 0x00000000025de800 Exception <a 'java/lang/NoSuchFieldError': method resolution failed> (0x00000000e05b3158) thrown at [D:\src\AOSP-openjdk-cygwin\jdk8u\hotspot\src\share\vm\prims\methodHandles.cpp, line 1167]
Event: 2.533 Thread 0x00000000025de800 Exception <a 'java/lang/NoSuchFieldError': method resolution failed> (0x00000000e05c0e48) thrown at [D:\src\AOSP-openjdk-cygwin\jdk8u\hotspot\src\share\vm\prims\methodHandles.cpp, line 1167]
Event: 3.685 Thread 0x00000000025de800 Exception <a 'java/io/IOException'> (0x00000000e0e58ed0) thrown at [D:\src\AOSP-openjdk-cygwin\jdk8u\hotspot\src\share\vm\prims\jni.cpp, line 710]
Event: 3.790 Thread 0x000000001a3c6000 Exception <a 'java/lang/NoSuchMethodError': <clinit>> (0x00000000e117df68) thrown at [D:\src\AOSP-openjdk-cygwin\jdk8u\hotspot\src\share\vm\prims\jni.cpp, line 1614]
Event: 3.791 Thread 0x000000001a3c6000 Exception <a 'java/lang/NoSuchMethodError': <clinit>> (0x00000000e1187d18) thrown at [D:\src\AOSP-openjdk-cygwin\jdk8u\hotspot\src\share\vm\prims\jni.cpp, line 1614]
Event: 3.793 Thread 0x000000001a3c6000 Exception <a 'java/lang/NoSuchMethodError': <clinit>> (0x00000000e119bf78) thrown at [D:\src\AOSP-openjdk-cygwin\jdk8u\hotspot\src\share\vm\prims\jni.cpp, line 1614]
Event: 3.805 Thread 0x000000001a3c6000 Exception <a 'java/lang/NoSuchMethodError': <clinit>> (0x00000000e11f70e0) thrown at [D:\src\AOSP-openjdk-cygwin\jdk8u\hotspot\src\share\vm\prims\jni.cpp, line 1614]
Event: 3.813 Thread 0x000000001a3c6000 Exception <a 'java/lang/NoSuchMethodError': <clinit>> (0x00000000e122ecc8) thrown at [D:\src\AOSP-openjdk-cygwin\jdk8u\hotspot\src\share\vm\prims\jni.cpp, line 1614]
Event: 3.820 Thread 0x000000001a3c6000 Exception <a 'java/lang/NoSuchMethodError': <clinit>> (0x00000000e1264e90) thrown at [D:\src\AOSP-openjdk-cygwin\jdk8u\hotspot\src\share\vm\prims\jni.cpp, line 1614]
Event: 3.826 Thread 0x000000001a3c6000 Exception <a 'java/lang/NoSuchMethodError': <clinit>> (0x00000000e1270908) thrown at [D:\src\AOSP-openjdk-cygwin\jdk8u\hotspot\src\share\vm\prims\jni.cpp, line 1614]

Events (10 events):
Event: 4.567 loading class com/google/common/io/ByteSource$EmptyByteSource
Event: 4.567 loading class com/google/common/io/ByteSource$EmptyByteSource done
Event: 4.568 loading class com/google/common/io/ByteSource$SlicedByteSource
Event: 4.568 loading class com/google/common/io/ByteSource$SlicedByteSource done
Event: 4.568 loading class com/google/common/io/CharSource
Event: 4.568 loading class com/google/common/io/CharSource done
Event: 4.569 loading class com/google/common/io/ByteSource$AsCharSource
Event: 4.569 loading class com/google/common/io/ByteSource$AsCharSource done
Event: 4.570 loading class com/google/common/io/CharSource$ConcatenatedCharSource
Event: 4.570 loading class com/google/common/io/CharSource$ConcatenatedCharSource done


Dynamic libraries:
0x00007ff69d6c0000 - 0x00007ff69d6f1000 	C:\Program Files\Android\Android Studio\jre\bin\java.exe
0x00007ffeadc80000 - 0x00007ffeade70000 	C:\windows\SYSTEM32\ntdll.dll
0x00007ffeac7a0000 - 0x00007ffeac852000 	C:\windows\System32\KERNEL32.DLL
0x00007ffeab710000 - 0x00007ffeab9b3000 	C:\windows\System32\KERNELBASE.dll
0x00007ffead5a0000 - 0x00007ffead643000 	C:\windows\System32\ADVAPI32.dll
0x00007ffead7a0000 - 0x00007ffead83e000 	C:\windows\System32\msvcrt.dll
0x00007ffeadba0000 - 0x00007ffeadc37000 	C:\windows\System32\sechost.dll
0x00007ffeac860000 - 0x00007ffeac980000 	C:\windows\System32\RPCRT4.dll
0x00007ffead3d0000 - 0x00007ffead564000 	C:\windows\System32\USER32.dll
0x00007ffeab9c0000 - 0x00007ffeab9e1000 	C:\windows\System32\win32u.dll
0x00007ffead570000 - 0x00007ffead596000 	C:\windows\System32\GDI32.dll
0x00007ffeaba90000 - 0x00007ffeabc24000 	C:\windows\System32\gdi32full.dll
0x00007ffeab670000 - 0x00007ffeab70e000 	C:\windows\System32\msvcp_win.dll
0x00007ffeabc30000 - 0x00007ffeabd2a000 	C:\windows\System32\ucrtbase.dll
0x00007ffe90f10000 - 0x00007ffe91195000 	C:\windows\WinSxS\amd64_microsoft.windows.common-controls_6595b64144ccf1df_6.0.18362.657_none_e6c5b579130e3898\COMCTL32.dll
0x00007ffeacdf0000 - 0x00007ffead126000 	C:\windows\System32\combase.dll
0x00007ffeaac10000 - 0x00007ffeaac90000 	C:\windows\System32\bcryptPrimitives.dll
0x00007ffead150000 - 0x00007ffead17e000 	C:\windows\System32\IMM32.DLL
0x000000006cb50000 - 0x000000006cc22000 	C:\Program Files\Android\Android Studio\jre\jre\bin\msvcr100.dll
0x000000006cd10000 - 0x000000006d556000 	C:\Program Files\Android\Android Studio\jre\jre\bin\server\jvm.dll
0x00007ffead650000 - 0x00007ffead658000 	C:\windows\System32\PSAPI.DLL
0x00007ffea40f0000 - 0x00007ffea40f9000 	C:\windows\SYSTEM32\WSOCK32.dll
0x00007ffead190000 - 0x00007ffead1ff000 	C:\windows\System32\WS2_32.dll
0x00007ffea3c20000 - 0x00007ffea3c44000 	C:\windows\SYSTEM32\WINMM.dll
0x00007ffe9fa00000 - 0x00007ffe9fa0a000 	C:\windows\SYSTEM32\VERSION.dll
0x00007ffea3bf0000 - 0x00007ffea3c1d000 	C:\windows\SYSTEM32\WINMMBASE.dll
0x00007ffeaba20000 - 0x00007ffeaba6a000 	C:\windows\System32\cfgmgr32.dll
0x00007ffea40e0000 - 0x00007ffea40ef000 	C:\Program Files\Android\Android Studio\jre\jre\bin\verify.dll
0x00007ffea40b0000 - 0x00007ffea40d9000 	C:\Program Files\Android\Android Studio\jre\jre\bin\java.dll
0x00007ffea4040000 - 0x00007ffea4056000 	C:\Program Files\Android\Android Studio\jre\jre\bin\zip.dll
0x00007ffeac030000 - 0x00007ffeac715000 	C:\windows\System32\SHELL32.dll
0x00007ffead2b0000 - 0x00007ffead359000 	C:\windows\System32\shcore.dll
0x00007ffeaac90000 - 0x00007ffeab40f000 	C:\windows\System32\windows.storage.dll
0x00007ffeaabb0000 - 0x00007ffeaabcf000 	C:\windows\System32\profapi.dll
0x00007ffeaab60000 - 0x00007ffeaabaa000 	C:\windows\System32\powrprof.dll
0x00007ffeaab50000 - 0x00007ffeaab60000 	C:\windows\System32\UMPDC.dll
0x00007ffead360000 - 0x00007ffead3b2000 	C:\windows\System32\shlwapi.dll
0x00007ffeaabd0000 - 0x00007ffeaabe1000 	C:\windows\System32\kernel.appcore.dll
0x00007ffeaba70000 - 0x00007ffeaba87000 	C:\windows\System32\cryptsp.dll
0x00007ffea1a30000 - 0x00007ffea1a4a000 	C:\Program Files\Android\Android Studio\jre\jre\bin\net.dll
0x00007ffeaa3c0000 - 0x00007ffeaa427000 	C:\windows\system32\mswsock.dll
0x00007ffe9a6e0000 - 0x00007ffe9a6f1000 	C:\Program Files\Android\Android Studio\jre\jre\bin\nio.dll
0x00007ffe9c470000 - 0x00007ffe9c496000 	C:\Users\Lilu Odedra\.gradle\native\29\windows-amd64\native-platform.dll
0x00007ffea4090000 - 0x00007ffea409d000 	C:\Program Files\Android\Android Studio\jre\jre\bin\management.dll
0x00007ffea9f30000 - 0x00007ffea9f63000 	C:\windows\system32\rsaenh.dll
0x00007ffeab9f0000 - 0x00007ffeaba16000 	C:\windows\System32\bcrypt.dll
0x00007ffeaaa70000 - 0x00007ffeaaa95000 	C:\windows\SYSTEM32\USERENV.dll
0x00007ffeaa590000 - 0x00007ffeaa59c000 	C:\windows\SYSTEM32\CRYPTBASE.dll
0x00007ffeaa0d0000 - 0x00007ffeaa10a000 	C:\windows\SYSTEM32\IPHLPAPI.DLL
0x00007ffead180000 - 0x00007ffead188000 	C:\windows\System32\NSI.dll
0x00007ffe9ed50000 - 0x00007ffe9ed66000 	C:\windows\SYSTEM32\dhcpcsvc6.DLL
0x00007ffe9ed10000 - 0x00007ffe9ed2c000 	C:\windows\SYSTEM32\dhcpcsvc.DLL
0x00007ffeaa120000 - 0x00007ffeaa1ea000 	C:\windows\SYSTEM32\DNSAPI.dll

VM Arguments:
jvm_args: -Xmx1536m -Dfile.encoding=windows-1252 -Duser.country=CA -Duser.language=en -Duser.variant 
java_command: org.gradle.launcher.daemon.bootstrap.GradleDaemon 5.4.1
java_class_path (initial): C:\Users\Lilu Odedra\.gradle\wrapper\dists\gradle-5.4.1-all\3221gyojl5jsh0helicew7rwx\gradle-5.4.1\lib\gradle-launcher-5.4.1.jar
Launcher Type: SUN_STANDARD

Environment Variables:
PATH=C:\windows\system32;C:\windows;C:\windows\System32\Wbem;C:\windows\System32\WindowsPowerShell\v1.0\;C:\windows\System32\OpenSSH\;C:\Program Files\Git\cmd;C:\Program Files\nodejs\;C:\Users\Lilu Odedra\AppData\Local\Microsoft\WindowsApps;C:\Users\Lilu Odedra\AppData\Roaming\npm;C:\Users\Lilu Odedra\AppData\Roaming\Dashlane\6.2015.0.34173\bin\Firefox_Extension\{442718d9-475e-452a-b3e1-fb1ee16b8e9f}\components;C:\Users\Lilu Odedra\AppData\Roaming\Dashlane\6.2015.0.34173\ucrt;C:\Users\Lilu Odedra\AppData\Roaming\Dashlane\6.2015.0.34173\bin\Qt;C:\Users\Lilu Odedra\AppData\Roaming\Dashlane\6.2015.0.34173\ucrt;C:\Users\Lilu Odedra\AppData\Roaming\Dashlane\6.2015.0.34173\bin\Ssl;C:\Users\Lilu Odedra\AppData\Local\GitHubDesktop\bin
USERNAME=Lilu Odedra
OS=Windows_NT
PROCESSOR_IDENTIFIER=Intel64 Family 6 Model 126 Stepping 5, GenuineIntel



---------------  S Y S T E M  ---------------

OS: Windows 10.0 , 64 bit Build 18362 (10.0.18362.329)

CPU:total 8 (initial active 8) (4 cores per cpu, 2 threads per core) family 6 model 126 stepping 5, cmov, cx8, fxsr, mmx, sse, sse2, sse3, ssse3, sse4.1, sse4.2, popcnt, avx, avx2, aes, clmul, erms, 3dnowpref, lzcnt, ht, tsc, tscinvbit, bmi1, bmi2, adx

Memory: 4k page, physical 16357872k(5493544k free), swap 47465580k(7560k free)

vm_info: OpenJDK 64-Bit Server VM (25.202-b03) for windows-amd64 JRE (1.8.0_202-release-1483-b03), built by "builder" with MS VC++ 10.0 (VS2010)

time: Mon May 04 15:59:51 2020
timezone: Eastern Daylight Time
elapsed time: 4 seconds (0d 0h 0m 4s)

